Start testing: Feb 26 00:50 CET
----------------------------------------------------------
1/27 Testing: EmptyTree.InsertNode
1/27 Test: EmptyTree.InsertNode
Command: "/home/ajchler/ivs/project1/assignment/build/black_box_test" "--gtest_filter=EmptyTree.InsertNode"
Directory: /home/ajchler/ivs/project1/assignment/build
"EmptyTree.InsertNode" start time: Feb 26 00:50 CET
Output:
----------------------------------------------------------
Running main() from /home/ajchler/ivs/project1/assignment/build/googletest-master/googletest/src/gtest_main.cc
Note: Google Test filter = EmptyTree.InsertNode
[==========] Running 1 test from 1 test suite.
[----------] Global test environment set-up.
[----------] 1 test from EmptyTree
[ RUN      ] EmptyTree.InsertNode
[       OK ] EmptyTree.InsertNode (0 ms)
[----------] 1 test from EmptyTree (0 ms total)

[----------] Global test environment tear-down
[==========] 1 test from 1 test suite ran. (0 ms total)
[  PASSED  ] 1 test.
libgcov profiling error:/home/ajchler/ivs/project1/assignment/build/CMakeFiles/black_box_test.dir/black_box_tests.cpp.gcda:overwriting an existing profile data with a different timestamp
<end of output>
Test time =   0.00 sec
----------------------------------------------------------
Test Passed.
"EmptyTree.InsertNode" end time: Feb 26 00:50 CET
"EmptyTree.InsertNode" time elapsed: 00:00:00
----------------------------------------------------------

2/27 Testing: EmptyTree.DeleteNode
2/27 Test: EmptyTree.DeleteNode
Command: "/home/ajchler/ivs/project1/assignment/build/black_box_test" "--gtest_filter=EmptyTree.DeleteNode"
Directory: /home/ajchler/ivs/project1/assignment/build
"EmptyTree.DeleteNode" start time: Feb 26 00:50 CET
Output:
----------------------------------------------------------
Running main() from /home/ajchler/ivs/project1/assignment/build/googletest-master/googletest/src/gtest_main.cc
Note: Google Test filter = EmptyTree.DeleteNode
[==========] Running 1 test from 1 test suite.
[----------] Global test environment set-up.
[----------] 1 test from EmptyTree
[ RUN      ] EmptyTree.DeleteNode
[       OK ] EmptyTree.DeleteNode (0 ms)
[----------] 1 test from EmptyTree (0 ms total)

[----------] Global test environment tear-down
[==========] 1 test from 1 test suite ran. (0 ms total)
[  PASSED  ] 1 test.
<end of output>
Test time =   0.00 sec
----------------------------------------------------------
Test Passed.
"EmptyTree.DeleteNode" end time: Feb 26 00:50 CET
"EmptyTree.DeleteNode" time elapsed: 00:00:00
----------------------------------------------------------

3/27 Testing: EmptyTree.FindNode
3/27 Test: EmptyTree.FindNode
Command: "/home/ajchler/ivs/project1/assignment/build/black_box_test" "--gtest_filter=EmptyTree.FindNode"
Directory: /home/ajchler/ivs/project1/assignment/build
"EmptyTree.FindNode" start time: Feb 26 00:50 CET
Output:
----------------------------------------------------------
Running main() from /home/ajchler/ivs/project1/assignment/build/googletest-master/googletest/src/gtest_main.cc
Note: Google Test filter = EmptyTree.FindNode
[==========] Running 1 test from 1 test suite.
[----------] Global test environment set-up.
[----------] 1 test from EmptyTree
[ RUN      ] EmptyTree.FindNode
[       OK ] EmptyTree.FindNode (0 ms)
[----------] 1 test from EmptyTree (0 ms total)

[----------] Global test environment tear-down
[==========] 1 test from 1 test suite ran. (0 ms total)
[  PASSED  ] 1 test.
<end of output>
Test time =   0.00 sec
----------------------------------------------------------
Test Passed.
"EmptyTree.FindNode" end time: Feb 26 00:50 CET
"EmptyTree.FindNode" time elapsed: 00:00:00
----------------------------------------------------------

4/27 Testing: NonEmptyTree.InsertNode
4/27 Test: NonEmptyTree.InsertNode
Command: "/home/ajchler/ivs/project1/assignment/build/black_box_test" "--gtest_filter=NonEmptyTree.InsertNode"
Directory: /home/ajchler/ivs/project1/assignment/build
"NonEmptyTree.InsertNode" start time: Feb 26 00:50 CET
Output:
----------------------------------------------------------
Running main() from /home/ajchler/ivs/project1/assignment/build/googletest-master/googletest/src/gtest_main.cc
Note: Google Test filter = NonEmptyTree.InsertNode
[==========] Running 1 test from 1 test suite.
[----------] Global test environment set-up.
[----------] 1 test from NonEmptyTree
[ RUN      ] NonEmptyTree.InsertNode
[       OK ] NonEmptyTree.InsertNode (0 ms)
[----------] 1 test from NonEmptyTree (0 ms total)

[----------] Global test environment tear-down
[==========] 1 test from 1 test suite ran. (0 ms total)
[  PASSED  ] 1 test.
<end of output>
Test time =   0.00 sec
----------------------------------------------------------
Test Passed.
"NonEmptyTree.InsertNode" end time: Feb 26 00:50 CET
"NonEmptyTree.InsertNode" time elapsed: 00:00:00
----------------------------------------------------------

5/27 Testing: NonEmptyTree.DeleteNode
5/27 Test: NonEmptyTree.DeleteNode
Command: "/home/ajchler/ivs/project1/assignment/build/black_box_test" "--gtest_filter=NonEmptyTree.DeleteNode"
Directory: /home/ajchler/ivs/project1/assignment/build
"NonEmptyTree.DeleteNode" start time: Feb 26 00:50 CET
Output:
----------------------------------------------------------
Running main() from /home/ajchler/ivs/project1/assignment/build/googletest-master/googletest/src/gtest_main.cc
Note: Google Test filter = NonEmptyTree.DeleteNode
[==========] Running 1 test from 1 test suite.
[----------] Global test environment set-up.
[----------] 1 test from NonEmptyTree
[ RUN      ] NonEmptyTree.DeleteNode
[       OK ] NonEmptyTree.DeleteNode (0 ms)
[----------] 1 test from NonEmptyTree (0 ms total)

[----------] Global test environment tear-down
[==========] 1 test from 1 test suite ran. (0 ms total)
[  PASSED  ] 1 test.
<end of output>
Test time =   0.00 sec
----------------------------------------------------------
Test Passed.
"NonEmptyTree.DeleteNode" end time: Feb 26 00:50 CET
"NonEmptyTree.DeleteNode" time elapsed: 00:00:00
----------------------------------------------------------

6/27 Testing: NonEmptyTree.FindNode
6/27 Test: NonEmptyTree.FindNode
Command: "/home/ajchler/ivs/project1/assignment/build/black_box_test" "--gtest_filter=NonEmptyTree.FindNode"
Directory: /home/ajchler/ivs/project1/assignment/build
"NonEmptyTree.FindNode" start time: Feb 26 00:50 CET
Output:
----------------------------------------------------------
Running main() from /home/ajchler/ivs/project1/assignment/build/googletest-master/googletest/src/gtest_main.cc
Note: Google Test filter = NonEmptyTree.FindNode
[==========] Running 1 test from 1 test suite.
[----------] Global test environment set-up.
[----------] 1 test from NonEmptyTree
[ RUN      ] NonEmptyTree.FindNode
[       OK ] NonEmptyTree.FindNode (0 ms)
[----------] 1 test from NonEmptyTree (0 ms total)

[----------] Global test environment tear-down
[==========] 1 test from 1 test suite ran. (0 ms total)
[  PASSED  ] 1 test.
<end of output>
Test time =   0.00 sec
----------------------------------------------------------
Test Passed.
"NonEmptyTree.FindNode" end time: Feb 26 00:50 CET
"NonEmptyTree.FindNode" time elapsed: 00:00:00
----------------------------------------------------------

7/27 Testing: TreeAxioms.Axiom1
7/27 Test: TreeAxioms.Axiom1
Command: "/home/ajchler/ivs/project1/assignment/build/black_box_test" "--gtest_filter=TreeAxioms.Axiom1"
Directory: /home/ajchler/ivs/project1/assignment/build
"TreeAxioms.Axiom1" start time: Feb 26 00:50 CET
Output:
----------------------------------------------------------
Running main() from /home/ajchler/ivs/project1/assignment/build/googletest-master/googletest/src/gtest_main.cc
Note: Google Test filter = TreeAxioms.Axiom1
[==========] Running 1 test from 1 test suite.
[----------] Global test environment set-up.
[----------] 1 test from TreeAxioms
[ RUN      ] TreeAxioms.Axiom1
[       OK ] TreeAxioms.Axiom1 (0 ms)
[----------] 1 test from TreeAxioms (0 ms total)

[----------] Global test environment tear-down
[==========] 1 test from 1 test suite ran. (0 ms total)
[  PASSED  ] 1 test.
<end of output>
Test time =   0.00 sec
----------------------------------------------------------
Test Passed.
"TreeAxioms.Axiom1" end time: Feb 26 00:50 CET
"TreeAxioms.Axiom1" time elapsed: 00:00:00
----------------------------------------------------------

8/27 Testing: TreeAxioms.Axiom2
8/27 Test: TreeAxioms.Axiom2
Command: "/home/ajchler/ivs/project1/assignment/build/black_box_test" "--gtest_filter=TreeAxioms.Axiom2"
Directory: /home/ajchler/ivs/project1/assignment/build
"TreeAxioms.Axiom2" start time: Feb 26 00:50 CET
Output:
----------------------------------------------------------
Running main() from /home/ajchler/ivs/project1/assignment/build/googletest-master/googletest/src/gtest_main.cc
Note: Google Test filter = TreeAxioms.Axiom2
[==========] Running 1 test from 1 test suite.
[----------] Global test environment set-up.
[----------] 1 test from TreeAxioms
[ RUN      ] TreeAxioms.Axiom2
[       OK ] TreeAxioms.Axiom2 (0 ms)
[----------] 1 test from TreeAxioms (0 ms total)

[----------] Global test environment tear-down
[==========] 1 test from 1 test suite ran. (0 ms total)
[  PASSED  ] 1 test.
<end of output>
Test time =   0.00 sec
----------------------------------------------------------
Test Passed.
"TreeAxioms.Axiom2" end time: Feb 26 00:50 CET
"TreeAxioms.Axiom2" time elapsed: 00:00:00
----------------------------------------------------------

9/27 Testing: TreeAxioms.Axiom3
9/27 Test: TreeAxioms.Axiom3
Command: "/home/ajchler/ivs/project1/assignment/build/black_box_test" "--gtest_filter=TreeAxioms.Axiom3"
Directory: /home/ajchler/ivs/project1/assignment/build
"TreeAxioms.Axiom3" start time: Feb 26 00:50 CET
Output:
----------------------------------------------------------
Running main() from /home/ajchler/ivs/project1/assignment/build/googletest-master/googletest/src/gtest_main.cc
Note: Google Test filter = TreeAxioms.Axiom3
[==========] Running 1 test from 1 test suite.
[----------] Global test environment set-up.
[----------] 1 test from TreeAxioms
[ RUN      ] TreeAxioms.Axiom3
[       OK ] TreeAxioms.Axiom3 (1 ms)
[----------] 1 test from TreeAxioms (1 ms total)

[----------] Global test environment tear-down
[==========] 1 test from 1 test suite ran. (1 ms total)
[  PASSED  ] 1 test.
<end of output>
Test time =   0.00 sec
----------------------------------------------------------
Test Passed.
"TreeAxioms.Axiom3" end time: Feb 26 00:50 CET
"TreeAxioms.Axiom3" time elapsed: 00:00:00
----------------------------------------------------------

10/27 Testing: MatrixTests.Get
10/27 Test: MatrixTests.Get
Command: "/home/ajchler/ivs/project1/assignment/build/white_box_test" "--gtest_filter=MatrixTests.Get"
Directory: /home/ajchler/ivs/project1/assignment/build
"MatrixTests.Get" start time: Feb 26 00:50 CET
Output:
----------------------------------------------------------
Running main() from /home/ajchler/ivs/project1/assignment/build/googletest-master/googletest/src/gtest_main.cc
Note: Google Test filter = MatrixTests.Get
[==========] Running 1 test from 1 test suite.
[----------] Global test environment set-up.
[----------] 1 test from MatrixTests
[ RUN      ] MatrixTests.Get
[       OK ] MatrixTests.Get (0 ms)
[----------] 1 test from MatrixTests (0 ms total)

[----------] Global test environment tear-down
[==========] 1 test from 1 test suite ran. (0 ms total)
[  PASSED  ] 1 test.
libgcov profiling error:/home/ajchler/ivs/project1/assignment/build/CMakeFiles/white_box_test.dir/white_box_tests.cpp.gcda:overwriting an existing profile data with a different timestamp
<end of output>
Test time =   0.00 sec
----------------------------------------------------------
Test Passed.
"MatrixTests.Get" end time: Feb 26 00:50 CET
"MatrixTests.Get" time elapsed: 00:00:00
----------------------------------------------------------

11/27 Testing: MatrixTests.Set
11/27 Test: MatrixTests.Set
Command: "/home/ajchler/ivs/project1/assignment/build/white_box_test" "--gtest_filter=MatrixTests.Set"
Directory: /home/ajchler/ivs/project1/assignment/build
"MatrixTests.Set" start time: Feb 26 00:50 CET
Output:
----------------------------------------------------------
Running main() from /home/ajchler/ivs/project1/assignment/build/googletest-master/googletest/src/gtest_main.cc
Note: Google Test filter = MatrixTests.Set
[==========] Running 1 test from 1 test suite.
[----------] Global test environment set-up.
[----------] 1 test from MatrixTests
[ RUN      ] MatrixTests.Set
[       OK ] MatrixTests.Set (0 ms)
[----------] 1 test from MatrixTests (0 ms total)

[----------] Global test environment tear-down
[==========] 1 test from 1 test suite ran. (0 ms total)
[  PASSED  ] 1 test.
<end of output>
Test time =   0.00 sec
----------------------------------------------------------
Test Passed.
"MatrixTests.Set" end time: Feb 26 00:50 CET
"MatrixTests.Set" time elapsed: 00:00:00
----------------------------------------------------------

12/27 Testing: MatrixTests.EqualOperator
12/27 Test: MatrixTests.EqualOperator
Command: "/home/ajchler/ivs/project1/assignment/build/white_box_test" "--gtest_filter=MatrixTests.EqualOperator"
Directory: /home/ajchler/ivs/project1/assignment/build
"MatrixTests.EqualOperator" start time: Feb 26 00:50 CET
Output:
----------------------------------------------------------
Running main() from /home/ajchler/ivs/project1/assignment/build/googletest-master/googletest/src/gtest_main.cc
Note: Google Test filter = MatrixTests.EqualOperator
[==========] Running 1 test from 1 test suite.
[----------] Global test environment set-up.
[----------] 1 test from MatrixTests
[ RUN      ] MatrixTests.EqualOperator
[       OK ] MatrixTests.EqualOperator (0 ms)
[----------] 1 test from MatrixTests (0 ms total)

[----------] Global test environment tear-down
[==========] 1 test from 1 test suite ran. (0 ms total)
[  PASSED  ] 1 test.
<end of output>
Test time =   0.00 sec
----------------------------------------------------------
Test Passed.
"MatrixTests.EqualOperator" end time: Feb 26 00:50 CET
"MatrixTests.EqualOperator" time elapsed: 00:00:00
----------------------------------------------------------

13/27 Testing: MatrixTests.PlusOperator
13/27 Test: MatrixTests.PlusOperator
Command: "/home/ajchler/ivs/project1/assignment/build/white_box_test" "--gtest_filter=MatrixTests.PlusOperator"
Directory: /home/ajchler/ivs/project1/assignment/build
"MatrixTests.PlusOperator" start time: Feb 26 00:50 CET
Output:
----------------------------------------------------------
Running main() from /home/ajchler/ivs/project1/assignment/build/googletest-master/googletest/src/gtest_main.cc
Note: Google Test filter = MatrixTests.PlusOperator
[==========] Running 1 test from 1 test suite.
[----------] Global test environment set-up.
[----------] 1 test from MatrixTests
[ RUN      ] MatrixTests.PlusOperator
[       OK ] MatrixTests.PlusOperator (0 ms)
[----------] 1 test from MatrixTests (0 ms total)

[----------] Global test environment tear-down
[==========] 1 test from 1 test suite ran. (0 ms total)
[  PASSED  ] 1 test.
<end of output>
Test time =   0.00 sec
----------------------------------------------------------
Test Passed.
"MatrixTests.PlusOperator" end time: Feb 26 00:50 CET
"MatrixTests.PlusOperator" time elapsed: 00:00:00
----------------------------------------------------------

14/27 Testing: MatrixTests.MultiplyOperator
14/27 Test: MatrixTests.MultiplyOperator
Command: "/home/ajchler/ivs/project1/assignment/build/white_box_test" "--gtest_filter=MatrixTests.MultiplyOperator"
Directory: /home/ajchler/ivs/project1/assignment/build
"MatrixTests.MultiplyOperator" start time: Feb 26 00:50 CET
Output:
----------------------------------------------------------
Running main() from /home/ajchler/ivs/project1/assignment/build/googletest-master/googletest/src/gtest_main.cc
Note: Google Test filter = MatrixTests.MultiplyOperator
[==========] Running 1 test from 1 test suite.
[----------] Global test environment set-up.
[----------] 1 test from MatrixTests
[ RUN      ] MatrixTests.MultiplyOperator
[       OK ] MatrixTests.MultiplyOperator (0 ms)
[----------] 1 test from MatrixTests (0 ms total)

[----------] Global test environment tear-down
[==========] 1 test from 1 test suite ran. (0 ms total)
[  PASSED  ] 1 test.
<end of output>
Test time =   0.00 sec
----------------------------------------------------------
Test Passed.
"MatrixTests.MultiplyOperator" end time: Feb 26 00:50 CET
"MatrixTests.MultiplyOperator" time elapsed: 00:00:00
----------------------------------------------------------

15/27 Testing: MatrixTests.SolveEquation
15/27 Test: MatrixTests.SolveEquation
Command: "/home/ajchler/ivs/project1/assignment/build/white_box_test" "--gtest_filter=MatrixTests.SolveEquation"
Directory: /home/ajchler/ivs/project1/assignment/build
"MatrixTests.SolveEquation" start time: Feb 26 00:50 CET
Output:
----------------------------------------------------------
Running main() from /home/ajchler/ivs/project1/assignment/build/googletest-master/googletest/src/gtest_main.cc
Note: Google Test filter = MatrixTests.SolveEquation
[==========] Running 1 test from 1 test suite.
[----------] Global test environment set-up.
[----------] 1 test from MatrixTests
[ RUN      ] MatrixTests.SolveEquation
[       OK ] MatrixTests.SolveEquation (0 ms)
[----------] 1 test from MatrixTests (0 ms total)

[----------] Global test environment tear-down
[==========] 1 test from 1 test suite ran. (0 ms total)
[  PASSED  ] 1 test.
<end of output>
Test time =   0.00 sec
----------------------------------------------------------
Test Passed.
"MatrixTests.SolveEquation" end time: Feb 26 00:50 CET
"MatrixTests.SolveEquation" time elapsed: 00:00:00
----------------------------------------------------------

16/27 Testing: MatrixTests.Determinant
16/27 Test: MatrixTests.Determinant
Command: "/home/ajchler/ivs/project1/assignment/build/white_box_test" "--gtest_filter=MatrixTests.Determinant"
Directory: /home/ajchler/ivs/project1/assignment/build
"MatrixTests.Determinant" start time: Feb 26 00:50 CET
Output:
----------------------------------------------------------
Running main() from /home/ajchler/ivs/project1/assignment/build/googletest-master/googletest/src/gtest_main.cc
Note: Google Test filter = MatrixTests.Determinant
[==========] Running 1 test from 1 test suite.
[----------] Global test environment set-up.
[----------] 1 test from MatrixTests
[ RUN      ] MatrixTests.Determinant
[       OK ] MatrixTests.Determinant (0 ms)
[----------] 1 test from MatrixTests (0 ms total)

[----------] Global test environment tear-down
[==========] 1 test from 1 test suite ran. (0 ms total)
[  PASSED  ] 1 test.
<end of output>
Test time =   0.00 sec
----------------------------------------------------------
Test Passed.
"MatrixTests.Determinant" end time: Feb 26 00:50 CET
"MatrixTests.Determinant" time elapsed: 00:00:00
----------------------------------------------------------

17/27 Testing: MatrixTests.Transpose
17/27 Test: MatrixTests.Transpose
Command: "/home/ajchler/ivs/project1/assignment/build/white_box_test" "--gtest_filter=MatrixTests.Transpose"
Directory: /home/ajchler/ivs/project1/assignment/build
"MatrixTests.Transpose" start time: Feb 26 00:50 CET
Output:
----------------------------------------------------------
Running main() from /home/ajchler/ivs/project1/assignment/build/googletest-master/googletest/src/gtest_main.cc
Note: Google Test filter = MatrixTests.Transpose
[==========] Running 1 test from 1 test suite.
[----------] Global test environment set-up.
[----------] 1 test from MatrixTests
[ RUN      ] MatrixTests.Transpose
[       OK ] MatrixTests.Transpose (0 ms)
[----------] 1 test from MatrixTests (0 ms total)

[----------] Global test environment tear-down
[==========] 1 test from 1 test suite ran. (0 ms total)
[  PASSED  ] 1 test.
<end of output>
Test time =   0.00 sec
----------------------------------------------------------
Test Passed.
"MatrixTests.Transpose" end time: Feb 26 00:50 CET
"MatrixTests.Transpose" time elapsed: 00:00:00
----------------------------------------------------------

18/27 Testing: MatrixTests.Inverse
18/27 Test: MatrixTests.Inverse
Command: "/home/ajchler/ivs/project1/assignment/build/white_box_test" "--gtest_filter=MatrixTests.Inverse"
Directory: /home/ajchler/ivs/project1/assignment/build
"MatrixTests.Inverse" start time: Feb 26 00:50 CET
Output:
----------------------------------------------------------
Running main() from /home/ajchler/ivs/project1/assignment/build/googletest-master/googletest/src/gtest_main.cc
Note: Google Test filter = MatrixTests.Inverse
[==========] Running 1 test from 1 test suite.
[----------] Global test environment set-up.
[----------] 1 test from MatrixTests
[ RUN      ] MatrixTests.Inverse
[       OK ] MatrixTests.Inverse (0 ms)
[----------] 1 test from MatrixTests (0 ms total)

[----------] Global test environment tear-down
[==========] 1 test from 1 test suite ran. (0 ms total)
[  PASSED  ] 1 test.
<end of output>
Test time =   0.00 sec
----------------------------------------------------------
Test Passed.
"MatrixTests.Inverse" end time: Feb 26 00:50 CET
"MatrixTests.Inverse" time elapsed: 00:00:00
----------------------------------------------------------

19/27 Testing: NonEmptyQueue.Insert
19/27 Test: NonEmptyQueue.Insert
Command: "/home/ajchler/ivs/project1/assignment/build/tdd_test" "--gtest_filter=NonEmptyQueue.Insert"
Directory: /home/ajchler/ivs/project1/assignment/build
"NonEmptyQueue.Insert" start time: Feb 26 00:50 CET
Output:
----------------------------------------------------------
Running main() from /home/ajchler/ivs/project1/assignment/build/googletest-master/googletest/src/gtest_main.cc
Note: Google Test filter = NonEmptyQueue.Insert
[==========] Running 1 test from 1 test suite.
[----------] Global test environment set-up.
[----------] 1 test from NonEmptyQueue
[ RUN      ] NonEmptyQueue.Insert
[       OK ] NonEmptyQueue.Insert (0 ms)
[----------] 1 test from NonEmptyQueue (0 ms total)

[----------] Global test environment tear-down
[==========] 1 test from 1 test suite ran. (0 ms total)
[  PASSED  ] 1 test.
libgcov profiling error:/home/ajchler/ivs/project1/assignment/build/CMakeFiles/tdd_test.dir/tdd_tests.cpp.gcda:overwriting an existing profile data with a different timestamp
libgcov profiling error:/home/ajchler/ivs/project1/assignment/build/CMakeFiles/tdd_test.dir/tdd_code.cpp.gcda:overwriting an existing profile data with a different timestamp
<end of output>
Test time =   0.00 sec
----------------------------------------------------------
Test Passed.
"NonEmptyQueue.Insert" end time: Feb 26 00:50 CET
"NonEmptyQueue.Insert" time elapsed: 00:00:00
----------------------------------------------------------

20/27 Testing: NonEmptyQueue.RemoveAllBackward
20/27 Test: NonEmptyQueue.RemoveAllBackward
Command: "/home/ajchler/ivs/project1/assignment/build/tdd_test" "--gtest_filter=NonEmptyQueue.RemoveAllBackward"
Directory: /home/ajchler/ivs/project1/assignment/build
"NonEmptyQueue.RemoveAllBackward" start time: Feb 26 00:50 CET
Output:
----------------------------------------------------------
Running main() from /home/ajchler/ivs/project1/assignment/build/googletest-master/googletest/src/gtest_main.cc
Note: Google Test filter = NonEmptyQueue.RemoveAllBackward
[==========] Running 1 test from 1 test suite.
[----------] Global test environment set-up.
[----------] 1 test from NonEmptyQueue
[ RUN      ] NonEmptyQueue.RemoveAllBackward
[       OK ] NonEmptyQueue.RemoveAllBackward (0 ms)
[----------] 1 test from NonEmptyQueue (0 ms total)

[----------] Global test environment tear-down
[==========] 1 test from 1 test suite ran. (0 ms total)
[  PASSED  ] 1 test.
<end of output>
Test time =   0.00 sec
----------------------------------------------------------
Test Passed.
"NonEmptyQueue.RemoveAllBackward" end time: Feb 26 00:50 CET
"NonEmptyQueue.RemoveAllBackward" time elapsed: 00:00:00
----------------------------------------------------------

21/27 Testing: NonEmptyQueue.RemoveAllForward
21/27 Test: NonEmptyQueue.RemoveAllForward
Command: "/home/ajchler/ivs/project1/assignment/build/tdd_test" "--gtest_filter=NonEmptyQueue.RemoveAllForward"
Directory: /home/ajchler/ivs/project1/assignment/build
"NonEmptyQueue.RemoveAllForward" start time: Feb 26 00:50 CET
Output:
----------------------------------------------------------
Running main() from /home/ajchler/ivs/project1/assignment/build/googletest-master/googletest/src/gtest_main.cc
Note: Google Test filter = NonEmptyQueue.RemoveAllForward
[==========] Running 1 test from 1 test suite.
[----------] Global test environment set-up.
[----------] 1 test from NonEmptyQueue
[ RUN      ] NonEmptyQueue.RemoveAllForward
[       OK ] NonEmptyQueue.RemoveAllForward (0 ms)
[----------] 1 test from NonEmptyQueue (0 ms total)

[----------] Global test environment tear-down
[==========] 1 test from 1 test suite ran. (0 ms total)
[  PASSED  ] 1 test.
<end of output>
Test time =   0.00 sec
----------------------------------------------------------
Test Passed.
"NonEmptyQueue.RemoveAllForward" end time: Feb 26 00:50 CET
"NonEmptyQueue.RemoveAllForward" time elapsed: 00:00:00
----------------------------------------------------------

22/27 Testing: NonEmptyQueue.Find
22/27 Test: NonEmptyQueue.Find
Command: "/home/ajchler/ivs/project1/assignment/build/tdd_test" "--gtest_filter=NonEmptyQueue.Find"
Directory: /home/ajchler/ivs/project1/assignment/build
"NonEmptyQueue.Find" start time: Feb 26 00:50 CET
Output:
----------------------------------------------------------
Running main() from /home/ajchler/ivs/project1/assignment/build/googletest-master/googletest/src/gtest_main.cc
Note: Google Test filter = NonEmptyQueue.Find
[==========] Running 1 test from 1 test suite.
[----------] Global test environment set-up.
[----------] 1 test from NonEmptyQueue
[ RUN      ] NonEmptyQueue.Find
[       OK ] NonEmptyQueue.Find (0 ms)
[----------] 1 test from NonEmptyQueue (0 ms total)

[----------] Global test environment tear-down
[==========] 1 test from 1 test suite ran. (0 ms total)
[  PASSED  ] 1 test.
<end of output>
Test time =   0.00 sec
----------------------------------------------------------
Test Passed.
"NonEmptyQueue.Find" end time: Feb 26 00:50 CET
"NonEmptyQueue.Find" time elapsed: 00:00:00
----------------------------------------------------------

23/27 Testing: NonEmptyQueue.Length
23/27 Test: NonEmptyQueue.Length
Command: "/home/ajchler/ivs/project1/assignment/build/tdd_test" "--gtest_filter=NonEmptyQueue.Length"
Directory: /home/ajchler/ivs/project1/assignment/build
"NonEmptyQueue.Length" start time: Feb 26 00:50 CET
Output:
----------------------------------------------------------
Running main() from /home/ajchler/ivs/project1/assignment/build/googletest-master/googletest/src/gtest_main.cc
Note: Google Test filter = NonEmptyQueue.Length
[==========] Running 1 test from 1 test suite.
[----------] Global test environment set-up.
[----------] 1 test from NonEmptyQueue
[ RUN      ] NonEmptyQueue.Length
[       OK ] NonEmptyQueue.Length (0 ms)
[----------] 1 test from NonEmptyQueue (0 ms total)

[----------] Global test environment tear-down
[==========] 1 test from 1 test suite ran. (0 ms total)
[  PASSED  ] 1 test.
<end of output>
Test time =   0.00 sec
----------------------------------------------------------
Test Passed.
"NonEmptyQueue.Length" end time: Feb 26 00:50 CET
"NonEmptyQueue.Length" time elapsed: 00:00:00
----------------------------------------------------------

24/27 Testing: EmptyQueue.Insert
24/27 Test: EmptyQueue.Insert
Command: "/home/ajchler/ivs/project1/assignment/build/tdd_test" "--gtest_filter=EmptyQueue.Insert"
Directory: /home/ajchler/ivs/project1/assignment/build
"EmptyQueue.Insert" start time: Feb 26 00:50 CET
Output:
----------------------------------------------------------
Running main() from /home/ajchler/ivs/project1/assignment/build/googletest-master/googletest/src/gtest_main.cc
Note: Google Test filter = EmptyQueue.Insert
[==========] Running 1 test from 1 test suite.
[----------] Global test environment set-up.
[----------] 1 test from EmptyQueue
[ RUN      ] EmptyQueue.Insert
[       OK ] EmptyQueue.Insert (0 ms)
[----------] 1 test from EmptyQueue (0 ms total)

[----------] Global test environment tear-down
[==========] 1 test from 1 test suite ran. (0 ms total)
[  PASSED  ] 1 test.
<end of output>
Test time =   0.00 sec
----------------------------------------------------------
Test Passed.
"EmptyQueue.Insert" end time: Feb 26 00:50 CET
"EmptyQueue.Insert" time elapsed: 00:00:00
----------------------------------------------------------

25/27 Testing: EmptyQueue.Remove
25/27 Test: EmptyQueue.Remove
Command: "/home/ajchler/ivs/project1/assignment/build/tdd_test" "--gtest_filter=EmptyQueue.Remove"
Directory: /home/ajchler/ivs/project1/assignment/build
"EmptyQueue.Remove" start time: Feb 26 00:50 CET
Output:
----------------------------------------------------------
Running main() from /home/ajchler/ivs/project1/assignment/build/googletest-master/googletest/src/gtest_main.cc
Note: Google Test filter = EmptyQueue.Remove
[==========] Running 1 test from 1 test suite.
[----------] Global test environment set-up.
[----------] 1 test from EmptyQueue
[ RUN      ] EmptyQueue.Remove
[       OK ] EmptyQueue.Remove (0 ms)
[----------] 1 test from EmptyQueue (0 ms total)

[----------] Global test environment tear-down
[==========] 1 test from 1 test suite ran. (0 ms total)
[  PASSED  ] 1 test.
<end of output>
Test time =   0.00 sec
----------------------------------------------------------
Test Passed.
"EmptyQueue.Remove" end time: Feb 26 00:50 CET
"EmptyQueue.Remove" time elapsed: 00:00:00
----------------------------------------------------------

26/27 Testing: EmptyQueue.Find
26/27 Test: EmptyQueue.Find
Command: "/home/ajchler/ivs/project1/assignment/build/tdd_test" "--gtest_filter=EmptyQueue.Find"
Directory: /home/ajchler/ivs/project1/assignment/build
"EmptyQueue.Find" start time: Feb 26 00:50 CET
Output:
----------------------------------------------------------
Running main() from /home/ajchler/ivs/project1/assignment/build/googletest-master/googletest/src/gtest_main.cc
Note: Google Test filter = EmptyQueue.Find
[==========] Running 1 test from 1 test suite.
[----------] Global test environment set-up.
[----------] 1 test from EmptyQueue
[ RUN      ] EmptyQueue.Find
[       OK ] EmptyQueue.Find (0 ms)
[----------] 1 test from EmptyQueue (0 ms total)

[----------] Global test environment tear-down
[==========] 1 test from 1 test suite ran. (0 ms total)
[  PASSED  ] 1 test.
<end of output>
Test time =   0.00 sec
----------------------------------------------------------
Test Passed.
"EmptyQueue.Find" end time: Feb 26 00:50 CET
"EmptyQueue.Find" time elapsed: 00:00:00
----------------------------------------------------------

27/27 Testing: EmptyQueue.Length
27/27 Test: EmptyQueue.Length
Command: "/home/ajchler/ivs/project1/assignment/build/tdd_test" "--gtest_filter=EmptyQueue.Length"
Directory: /home/ajchler/ivs/project1/assignment/build
"EmptyQueue.Length" start time: Feb 26 00:50 CET
Output:
----------------------------------------------------------
Running main() from /home/ajchler/ivs/project1/assignment/build/googletest-master/googletest/src/gtest_main.cc
Note: Google Test filter = EmptyQueue.Length
[==========] Running 1 test from 1 test suite.
[----------] Global test environment set-up.
[----------] 1 test from EmptyQueue
[ RUN      ] EmptyQueue.Length
[       OK ] EmptyQueue.Length (0 ms)
[----------] 1 test from EmptyQueue (0 ms total)

[----------] Global test environment tear-down
[==========] 1 test from 1 test suite ran. (0 ms total)
[  PASSED  ] 1 test.
<end of output>
Test time =   0.00 sec
----------------------------------------------------------
Test Passed.
"EmptyQueue.Length" end time: Feb 26 00:50 CET
"EmptyQueue.Length" time elapsed: 00:00:00
----------------------------------------------------------

End testing: Feb 26 00:50 CET
